2024-11-29 07:00:49 INFO  [epoll_reactor.cc:24] EpollReactor initialized with epollFd: 4
2024-11-29 07:00:49 INFO  [epoll_reactor.cc:24] EpollReactor initialized with epollFd: 5
2024-11-29 07:00:49 INFO  [tcp_server.h:38] Server listening on 0.0.0.0:8080
2024-11-29 07:00:49 INFO  [epoll_reactor.cc:53] Adding/updating event for fd: 6 (epollFd: 4, op: ADD
2024-11-29 07:00:49 INFO  [epoll_reactor.cc:73] Successfully added/updated event for fd: 6 (epollFd: 4
2024-11-29 07:00:54 INFO  [tcp_server.h:69] New connection from 127.0.0.1:52910 with fd: 7
2024-11-29 07:00:54 INFO  [tcp_connection.h:26] TcpConnection created with fd: 7
2024-11-29 07:00:54 INFO  [tcp_connection.h:70] Starting connection for fd: 7
2024-11-29 07:00:54 INFO  [epoll_reactor.cc:53] Adding/updating event for fd: 7 (epollFd: 5, op: ADD
2024-11-29 07:00:54 INFO  [epoll_reactor.cc:73] Successfully added/updated event for fd: 7 (epollFd: 5
2024-11-29 07:00:54 INFO  [tcp_connection.h:190] Received message: type=1, length=14
2024-11-29 07:00:54 INFO  [echo_server.cc:17] Received: Test message 1
2024-11-29 07:00:54 INFO  [epoll_reactor.cc:53] Adding/updating event for fd: 7 (epollFd: 5, op: MOD
2024-11-29 07:00:54 INFO  [epoll_reactor.cc:73] Successfully added/updated event for fd: 7 (epollFd: 5
2024-11-29 07:00:55 INFO  [tcp_connection.h:190] Received message: type=1, length=14
2024-11-29 07:00:55 INFO  [echo_server.cc:17] Received: Test message 2
2024-11-29 07:00:55 INFO  [epoll_reactor.cc:53] Adding/updating event for fd: 7 (epollFd: 5, op: MOD
2024-11-29 07:00:55 INFO  [epoll_reactor.cc:73] Successfully added/updated event for fd: 7 (epollFd: 5
2024-11-29 07:00:55 INFO  [tcp_connection.h:190] Received message: type=1, length=14
2024-11-29 07:00:55 INFO  [echo_server.cc:17] Received: Test message 3
2024-11-29 07:00:55 INFO  [epoll_reactor.cc:53] Adding/updating event for fd: 7 (epollFd: 5, op: MOD
2024-11-29 07:00:55 INFO  [epoll_reactor.cc:73] Successfully added/updated event for fd: 7 (epollFd: 5
2024-11-29 07:00:56 INFO  [tcp_connection.h:190] Received message: type=1, length=14
2024-11-29 07:00:56 INFO  [echo_server.cc:17] Received: Test message 4
2024-11-29 07:00:56 INFO  [epoll_reactor.cc:53] Adding/updating event for fd: 7 (epollFd: 5, op: MOD
2024-11-29 07:00:56 INFO  [epoll_reactor.cc:73] Successfully added/updated event for fd: 7 (epollFd: 5
2024-11-29 07:00:56 INFO  [tcp_connection.h:190] Received message: type=1, length=14
2024-11-29 07:00:56 INFO  [echo_server.cc:17] Received: Test message 5
2024-11-29 07:00:56 INFO  [epoll_reactor.cc:53] Adding/updating event for fd: 7 (epollFd: 5, op: MOD
2024-11-29 07:00:56 INFO  [epoll_reactor.cc:73] Successfully added/updated event for fd: 7 (epollFd: 5
2024-11-29 07:00:57 INFO  [tcp_connection.h:190] Received message: type=1, length=14
2024-11-29 07:00:57 INFO  [echo_server.cc:17] Received: Test message 6
2024-11-29 07:00:57 INFO  [epoll_reactor.cc:53] Adding/updating event for fd: 7 (epollFd: 5, op: MOD
2024-11-29 07:00:57 INFO  [epoll_reactor.cc:73] Successfully added/updated event for fd: 7 (epollFd: 5
2024-11-29 07:00:57 INFO  [tcp_connection.h:190] Received message: type=1, length=14
2024-11-29 07:00:57 INFO  [echo_server.cc:17] Received: Test message 7
2024-11-29 07:00:57 INFO  [epoll_reactor.cc:53] Adding/updating event for fd: 7 (epollFd: 5, op: MOD
2024-11-29 07:00:57 INFO  [epoll_reactor.cc:73] Successfully added/updated event for fd: 7 (epollFd: 5
2024-11-29 07:00:58 INFO  [tcp_connection.h:190] Received message: type=1, length=14
2024-11-29 07:00:58 INFO  [echo_server.cc:17] Received: Test message 8
2024-11-29 07:00:58 INFO  [epoll_reactor.cc:53] Adding/updating event for fd: 7 (epollFd: 5, op: MOD
2024-11-29 07:00:58 INFO  [epoll_reactor.cc:73] Successfully added/updated event for fd: 7 (epollFd: 5
2024-11-29 07:00:58 INFO  [tcp_connection.h:190] Received message: type=1, length=14
2024-11-29 07:00:58 INFO  [echo_server.cc:17] Received: Test message 9
2024-11-29 07:00:58 INFO  [epoll_reactor.cc:53] Adding/updating event for fd: 7 (epollFd: 5, op: MOD
2024-11-29 07:00:58 INFO  [epoll_reactor.cc:73] Successfully added/updated event for fd: 7 (epollFd: 5
2024-11-29 07:00:59 INFO  [tcp_connection.h:190] Received message: type=1, length=15
2024-11-29 07:00:59 INFO  [echo_server.cc:17] Received: Test message 10
2024-11-29 07:00:59 INFO  [epoll_reactor.cc:53] Adding/updating event for fd: 7 (epollFd: 5, op: MOD
2024-11-29 07:00:59 INFO  [epoll_reactor.cc:73] Successfully added/updated event for fd: 7 (epollFd: 5
2024-11-29 07:00:59 INFO  [tcp_connection.h:90] Connection closed by peer, fd: 7
2024-11-29 07:00:59 INFO  [tcp_connection.h:139] Closing connection for fd: 7
2024-11-29 07:00:59 INFO  [tcp_server.h:91] Connection closed, removing fd: 7
2024-11-29 07:00:59 INFO  [tcp_connection.h:30] TcpConnection destroyed with fd: -1
2024-11-29 07:00:59 INFO  [tcp_connection.h:154] Connection closed, fd: 7
2024-11-29 07:04:28 INFO  [epoll_reactor.cc:24] EpollReactor initialized with epollFd: 4
2024-11-29 07:04:28 INFO  [epoll_reactor.cc:24] EpollReactor initialized with epollFd: 5
2024-11-29 07:04:28 INFO  [tcp_server.h:38] Server listening on 0.0.0.0:8080
2024-11-29 07:04:28 INFO  [epoll_reactor.cc:53] Adding/updating event for fd: 6 (epollFd: 4, op: ADD
2024-11-29 07:04:28 INFO  [epoll_reactor.cc:73] Successfully added/updated event for fd: 6 (epollFd: 4
2024-11-29 07:04:33 INFO  [epoll_reactor.cc:24] EpollReactor initialized with epollFd: 4
2024-11-29 07:04:33 INFO  [epoll_reactor.cc:24] EpollReactor initialized with epollFd: 5
2024-11-29 07:04:33 INFO  [tcp_server.h:38] Server listening on 0.0.0.0:8080
2024-11-29 07:04:33 INFO  [epoll_reactor.cc:53] Adding/updating event for fd: 6 (epollFd: 4, op: ADD
2024-11-29 07:04:33 INFO  [epoll_reactor.cc:73] Successfully added/updated event for fd: 6 (epollFd: 4
2024-11-29 07:04:35 INFO  [tcp_server.h:69] New connection from 127.0.0.1:40102 with fd: 7
2024-11-29 07:04:35 INFO  [tcp_connection.h:26] TcpConnection created with fd: 7
2024-11-29 07:04:35 INFO  [tcp_connection.h:70] Starting connection for fd: 7
2024-11-29 07:04:35 INFO  [epoll_reactor.cc:53] Adding/updating event for fd: 7 (epollFd: 5, op: ADD
2024-11-29 07:04:35 INFO  [epoll_reactor.cc:73] Successfully added/updated event for fd: 7 (epollFd: 5
2024-11-29 07:04:35 INFO  [tcp_connection.h:190] Received message: type=1, length=14
2024-11-29 07:04:35 INFO  [echo_server.cc:17] Received: Test message 1
2024-11-29 07:04:35 INFO  [epoll_reactor.cc:53] Adding/updating event for fd: 7 (epollFd: 5, op: MOD
2024-11-29 07:04:35 INFO  [epoll_reactor.cc:73] Successfully added/updated event for fd: 7 (epollFd: 5
2024-11-29 07:04:36 INFO  [tcp_connection.h:190] Received message: type=1, length=14
2024-11-29 07:04:36 INFO  [echo_server.cc:17] Received: Test message 2
2024-11-29 07:04:36 INFO  [epoll_reactor.cc:53] Adding/updating event for fd: 7 (epollFd: 5, op: MOD
2024-11-29 07:04:36 INFO  [epoll_reactor.cc:73] Successfully added/updated event for fd: 7 (epollFd: 5
2024-11-29 07:04:36 INFO  [tcp_connection.h:190] Received message: type=1, length=14
2024-11-29 07:04:36 INFO  [echo_server.cc:17] Received: Test message 3
2024-11-29 07:04:36 INFO  [epoll_reactor.cc:53] Adding/updating event for fd: 7 (epollFd: 5, op: MOD
2024-11-29 07:04:36 INFO  [epoll_reactor.cc:73] Successfully added/updated event for fd: 7 (epollFd: 5
2024-11-29 07:04:37 INFO  [tcp_connection.h:190] Received message: type=1, length=14
2024-11-29 07:04:37 INFO  [echo_server.cc:17] Received: Test message 4
2024-11-29 07:04:37 INFO  [epoll_reactor.cc:53] Adding/updating event for fd: 7 (epollFd: 5, op: MOD
2024-11-29 07:04:37 INFO  [epoll_reactor.cc:73] Successfully added/updated event for fd: 7 (epollFd: 5
2024-11-29 07:04:37 INFO  [tcp_connection.h:190] Received message: type=1, length=14
2024-11-29 07:04:37 INFO  [echo_server.cc:17] Received: Test message 5
2024-11-29 07:04:37 INFO  [epoll_reactor.cc:53] Adding/updating event for fd: 7 (epollFd: 5, op: MOD
2024-11-29 07:04:37 INFO  [epoll_reactor.cc:73] Successfully added/updated event for fd: 7 (epollFd: 5
2024-11-29 07:04:38 INFO  [tcp_connection.h:190] Received message: type=1, length=14
2024-11-29 07:04:38 INFO  [echo_server.cc:17] Received: Test message 6
2024-11-29 07:04:38 INFO  [epoll_reactor.cc:53] Adding/updating event for fd: 7 (epollFd: 5, op: MOD
2024-11-29 07:04:38 INFO  [epoll_reactor.cc:73] Successfully added/updated event for fd: 7 (epollFd: 5
2024-11-29 07:04:38 INFO  [tcp_connection.h:190] Received message: type=1, length=14
2024-11-29 07:04:38 INFO  [echo_server.cc:17] Received: Test message 7
2024-11-29 07:04:38 INFO  [epoll_reactor.cc:53] Adding/updating event for fd: 7 (epollFd: 5, op: MOD
2024-11-29 07:04:38 INFO  [epoll_reactor.cc:73] Successfully added/updated event for fd: 7 (epollFd: 5
2024-11-29 07:04:39 INFO  [tcp_connection.h:190] Received message: type=1, length=14
2024-11-29 07:04:39 INFO  [echo_server.cc:17] Received: Test message 8
2024-11-29 07:04:39 INFO  [epoll_reactor.cc:53] Adding/updating event for fd: 7 (epollFd: 5, op: MOD
2024-11-29 07:04:39 INFO  [epoll_reactor.cc:73] Successfully added/updated event for fd: 7 (epollFd: 5
2024-11-29 07:04:39 INFO  [tcp_connection.h:190] Received message: type=1, length=14
2024-11-29 07:04:39 INFO  [echo_server.cc:17] Received: Test message 9
2024-11-29 07:04:39 INFO  [epoll_reactor.cc:53] Adding/updating event for fd: 7 (epollFd: 5, op: MOD
2024-11-29 07:04:39 INFO  [epoll_reactor.cc:73] Successfully added/updated event for fd: 7 (epollFd: 5
2024-11-29 07:04:40 INFO  [tcp_connection.h:190] Received message: type=1, length=15
2024-11-29 07:04:40 INFO  [echo_server.cc:17] Received: Test message 10
2024-11-29 07:04:40 INFO  [epoll_reactor.cc:53] Adding/updating event for fd: 7 (epollFd: 5, op: MOD
2024-11-29 07:04:40 INFO  [epoll_reactor.cc:73] Successfully added/updated event for fd: 7 (epollFd: 5
2024-11-29 07:04:40 INFO  [tcp_connection.h:90] Connection closed by peer, fd: 7
2024-11-29 07:04:40 INFO  [tcp_connection.h:139] Closing connection for fd: 7
2024-11-29 07:04:40 INFO  [tcp_server.h:91] Connection closed, removing fd: 7
2024-11-29 07:04:40 INFO  [tcp_connection.h:30] TcpConnection destroyed with fd: -1
2024-11-29 07:04:40 INFO  [tcp_connection.h:154] Connection closed, fd: 7
