2024-11-29 03:12:24 INFO  [main.cc:21] Server started, press Ctrl+C to stop
2024-11-29 03:21:16 ERROR [epoll_reactor.cc:46] epoll_ctl add failed: Bad file descriptor
2024-11-29 03:22:38 ERROR [socket.h:49] Bind failed: Address already in use
2024-11-29 03:22:38 INFO  [server.cc:21] Server started, press Ctrl+C to stop
2024-11-29 03:23:11 INFO  [server.cc:21] Server started, press Ctrl+C to stop
2024-11-29 03:23:16 ERROR [epoll_reactor.cc:46] epoll_ctl add failed: Bad file descriptor
2024-11-29 03:35:45 INFO  [tcp_server.h:34] Server listening on 0.0.0.0:8080
2024-11-29 03:35:45 INFO  [server.cc:21] Server started, press Ctrl+C to stop
2024-11-29 03:35:52 INFO  [tcp_server.h:61] New connection from 127.0.0.1:48968
2024-11-29 03:35:52 ERROR [epoll_reactor.cc:46] epoll_ctl add failed: Bad file descriptor
2024-11-29 03:42:11 INFO  [tcp_server.h:34] Server listening on 0.0.0.0:8080
2024-11-29 03:42:11 INFO  [server.cc:21] Server started, press Ctrl+C to stop
2024-11-29 03:42:17 INFO  [tcp_server.h:61] New connection from 127.0.0.1:56516
2024-11-29 03:42:17 ERROR [epoll_reactor.cc:48] epoll_ctl add failed: Bad file descriptor
2024-11-29 03:54:47 INFO  [epoll_reactor.cc:24] EpollReactor initialized with epollFd: 4
2024-11-29 03:54:47 INFO  [epoll_reactor.cc:24] EpollReactor initialized with epollFd: 5
2024-11-29 03:54:47 INFO  [tcp_server.h:34] Server listening on 0.0.0.0:8080
2024-11-29 03:54:47 INFO  [epoll_reactor.cc:59] Successfully added/updated event for fd: 6 (epollFd: 4
2024-11-29 03:54:47 INFO  [server.cc:21] Server started, press Ctrl+C to stop
2024-11-29 03:54:51 INFO  [tcp_server.h:61] New connection from 127.0.0.1:46894
2024-11-29 03:54:51 INFO  [tcp_connection.h:29] Starting connection for fd: 7
2024-11-29 03:54:51 ERROR [epoll_reactor.cc:54] epoll_ctl add failed for fd 7 (epollFd: 5): Bad file descriptor
2024-11-29 03:54:51 ERROR [tcp_connection.h:32] Failed to add read event for fd: 7
2024-11-29 04:12:43 INFO  [epoll_reactor.cc:24] EpollReactor initialized with epollFd: 4
2024-11-29 04:12:43 INFO  [epoll_reactor.cc:24] EpollReactor initialized with epollFd: 5
2024-11-29 04:12:43 INFO  [tcp_server.h:34] Server listening on 0.0.0.0:8080
2024-11-29 04:12:43 INFO  [epoll_reactor.cc:53] Adding/updating event for fd: 6 (epollFd: 4, op: ADD
2024-11-29 04:12:43 INFO  [epoll_reactor.cc:63] Successfully added/updated event for fd: 6 (epollFd: 4
2024-11-29 04:12:43 INFO  [server.cc:21] Server started, press Ctrl+C to stop
2024-11-29 04:12:50 INFO  [tcp_server.h:61] New connection from 127.0.0.1:46372 with fd: 7
2024-11-29 04:12:50 INFO  [tcp_connection.h:23] TcpConnection created with fd: 7
2024-11-29 04:12:50 INFO  [tcp_connection.h:39] Starting connection for fd: 7
2024-11-29 04:12:50 INFO  [epoll_reactor.cc:53] Adding/updating event for fd: 7 (epollFd: 5, op: ADD
2024-11-29 04:12:50 INFO  [epoll_reactor.cc:63] Successfully added/updated event for fd: 7 (epollFd: 5
2024-11-29 04:16:45 INFO  [tcp_connection.h:67] Connection closed by peer, fd: 7
2024-11-29 04:16:45 INFO  [tcp_connection.h:115] Closing connection for fd: 7
2024-11-29 04:16:45 INFO  [tcp_server.h:80] Connection closed, removing fd: -1
2024-11-29 04:16:51 INFO  [tcp_server.h:61] New connection from 127.0.0.1:52686 with fd: 7
2024-11-29 04:16:51 INFO  [tcp_connection.h:23] TcpConnection created with fd: 7
2024-11-29 04:16:51 INFO  [tcp_connection.h:27] TcpConnection destroyed with fd: -1
2024-11-29 04:16:51 INFO  [tcp_connection.h:39] Starting connection for fd: 7
2024-11-29 04:16:51 INFO  [epoll_reactor.cc:53] Adding/updating event for fd: 7 (epollFd: 5, op: MOD
2024-11-29 04:16:51 ERROR [epoll_reactor.cc:58] epoll_ctl mod failed for fd 7 (epollFd: 5): No such file or directory
2024-11-29 04:16:51 ERROR [tcp_connection.h:42] Failed to add read event for fd: 7
2024-11-29 04:16:51 INFO  [tcp_connection.h:115] Closing connection for fd: 7
2024-11-29 04:16:51 ERROR [epoll_reactor.cc:130] epoll_ctl mod failed in removeEvent: No such file or directory
2024-11-29 04:16:51 ERROR [epoll_reactor.cc:130] epoll_ctl mod failed in removeEvent: No such file or directory
2024-11-29 04:16:51 INFO  [tcp_server.h:80] Connection closed, removing fd: -1
2024-11-29 04:16:56 INFO  [tcp_server.h:61] New connection from 127.0.0.1:52688 with fd: 7
2024-11-29 04:16:56 INFO  [tcp_connection.h:23] TcpConnection created with fd: 7
2024-11-29 04:16:56 INFO  [tcp_connection.h:27] TcpConnection destroyed with fd: -1
2024-11-29 04:16:56 INFO  [tcp_connection.h:39] Starting connection for fd: 7
2024-11-29 04:16:56 INFO  [epoll_reactor.cc:53] Adding/updating event for fd: 7 (epollFd: 5, op: MOD
2024-11-29 04:16:56 ERROR [epoll_reactor.cc:58] epoll_ctl mod failed for fd 7 (epollFd: 5): No such file or directory
2024-11-29 04:16:56 ERROR [tcp_connection.h:42] Failed to add read event for fd: 7
2024-11-29 04:16:56 INFO  [tcp_connection.h:115] Closing connection for fd: 7
2024-11-29 04:16:56 ERROR [epoll_reactor.cc:130] epoll_ctl mod failed in removeEvent: No such file or directory
2024-11-29 04:16:56 ERROR [epoll_reactor.cc:130] epoll_ctl mod failed in removeEvent: No such file or directory
2024-11-29 04:16:56 INFO  [tcp_server.h:80] Connection closed, removing fd: -1
2024-11-29 04:19:30 INFO  [tcp_server.h:61] New connection from 127.0.0.1:56210 with fd: 7
2024-11-29 04:19:30 INFO  [tcp_connection.h:23] TcpConnection created with fd: 7
2024-11-29 04:19:30 INFO  [tcp_connection.h:27] TcpConnection destroyed with fd: -1
2024-11-29 04:19:30 INFO  [tcp_connection.h:39] Starting connection for fd: 7
2024-11-29 04:19:30 INFO  [epoll_reactor.cc:53] Adding/updating event for fd: 7 (epollFd: 5, op: MOD
2024-11-29 04:19:30 ERROR [epoll_reactor.cc:58] epoll_ctl mod failed for fd 7 (epollFd: 5): No such file or directory
2024-11-29 04:19:30 ERROR [tcp_connection.h:42] Failed to add read event for fd: 7
2024-11-29 04:19:30 INFO  [tcp_connection.h:115] Closing connection for fd: 7
2024-11-29 04:19:30 ERROR [epoll_reactor.cc:130] epoll_ctl mod failed in removeEvent: No such file or directory
2024-11-29 04:19:30 ERROR [epoll_reactor.cc:130] epoll_ctl mod failed in removeEvent: No such file or directory
2024-11-29 04:19:30 INFO  [tcp_server.h:80] Connection closed, removing fd: -1
2024-11-29 04:19:38 INFO  [tcp_server.h:61] New connection from 127.0.0.1:40086 with fd: 7
2024-11-29 04:19:38 INFO  [tcp_connection.h:23] TcpConnection created with fd: 7
2024-11-29 04:19:38 INFO  [tcp_connection.h:27] TcpConnection destroyed with fd: -1
2024-11-29 04:19:38 INFO  [tcp_connection.h:39] Starting connection for fd: 7
2024-11-29 04:19:38 INFO  [epoll_reactor.cc:53] Adding/updating event for fd: 7 (epollFd: 5, op: MOD
2024-11-29 04:19:38 ERROR [epoll_reactor.cc:58] epoll_ctl mod failed for fd 7 (epollFd: 5): No such file or directory
2024-11-29 04:19:38 ERROR [tcp_connection.h:42] Failed to add read event for fd: 7
2024-11-29 04:19:38 INFO  [tcp_connection.h:115] Closing connection for fd: 7
2024-11-29 04:19:38 ERROR [epoll_reactor.cc:130] epoll_ctl mod failed in removeEvent: No such file or directory
2024-11-29 04:19:38 ERROR [epoll_reactor.cc:130] epoll_ctl mod failed in removeEvent: No such file or directory
2024-11-29 04:19:38 INFO  [tcp_server.h:80] Connection closed, removing fd: -1
2024-11-29 06:13:24 INFO  [epoll_reactor.cc:24] EpollReactor initialized with epollFd: 4
2024-11-29 06:13:24 INFO  [epoll_reactor.cc:24] EpollReactor initialized with epollFd: 5
2024-11-29 06:13:24 INFO  [tcp_server.h:34] Server listening on 0.0.0.0:8080
2024-11-29 06:13:24 INFO  [epoll_reactor.cc:53] Adding/updating event for fd: 6 (epollFd: 4, op: ADD
2024-11-29 06:13:24 INFO  [epoll_reactor.cc:73] Successfully added/updated event for fd: 6 (epollFd: 4
2024-11-29 06:13:24 INFO  [server.cc:21] Server started, press Ctrl+C to stop
2024-11-29 06:13:34 INFO  [tcp_server.h:61] New connection from 127.0.0.1:34472 with fd: 7
2024-11-29 06:13:34 INFO  [tcp_connection.h:24] TcpConnection created with fd: 7
2024-11-29 06:13:34 INFO  [tcp_connection.h:40] Starting connection for fd: 7
2024-11-29 06:13:34 INFO  [epoll_reactor.cc:53] Adding/updating event for fd: 7 (epollFd: 5, op: ADD
2024-11-29 06:13:34 INFO  [epoll_reactor.cc:73] Successfully added/updated event for fd: 7 (epollFd: 5
2024-11-29 06:13:41 INFO  [tcp_connection.h:68] Connection closed by peer, fd: 7
2024-11-29 06:13:41 INFO  [tcp_connection.h:117] Closing connection for fd: 7
2024-11-29 06:13:41 INFO  [tcp_server.h:80] Connection closed, removing fd: 7
2024-11-29 06:13:41 INFO  [tcp_connection.h:28] TcpConnection destroyed with fd: -1
2024-11-29 06:13:41 INFO  [tcp_connection.h:132] Connection closed, fd: 7
2024-11-29 06:13:42 INFO  [tcp_server.h:61] New connection from 127.0.0.1:59644 with fd: 7
2024-11-29 06:13:42 INFO  [tcp_connection.h:24] TcpConnection created with fd: 7
2024-11-29 06:13:42 INFO  [tcp_connection.h:40] Starting connection for fd: 7
2024-11-29 06:13:42 INFO  [epoll_reactor.cc:53] Adding/updating event for fd: 7 (epollFd: 5, op: MOD
2024-11-29 06:13:42 INFO  [epoll_reactor.cc:73] Successfully added/updated event for fd: 7 (epollFd: 5
2024-11-29 06:13:55 INFO  [tcp_connection.h:68] Connection closed by peer, fd: 7
2024-11-29 06:13:55 INFO  [tcp_connection.h:117] Closing connection for fd: 7
2024-11-29 06:13:55 INFO  [tcp_server.h:80] Connection closed, removing fd: 7
2024-11-29 06:13:55 INFO  [tcp_connection.h:28] TcpConnection destroyed with fd: -1
2024-11-29 06:13:55 INFO  [tcp_connection.h:132] Connection closed, fd: 7
2024-11-29 06:14:00 INFO  [tcp_server.h:61] New connection from 127.0.0.1:59642 with fd: 7
2024-11-29 06:14:00 INFO  [tcp_connection.h:24] TcpConnection created with fd: 7
2024-11-29 06:14:00 INFO  [tcp_connection.h:40] Starting connection for fd: 7
2024-11-29 06:14:00 INFO  [epoll_reactor.cc:53] Adding/updating event for fd: 7 (epollFd: 5, op: MOD
2024-11-29 06:14:00 INFO  [epoll_reactor.cc:73] Successfully added/updated event for fd: 7 (epollFd: 5
2024-11-29 06:15:37 INFO  [tcp_connection.h:68] Connection closed by peer, fd: 7
2024-11-29 06:15:37 INFO  [tcp_connection.h:117] Closing connection for fd: 7
2024-11-29 06:15:37 INFO  [tcp_server.h:80] Connection closed, removing fd: 7
2024-11-29 06:15:37 INFO  [tcp_connection.h:28] TcpConnection destroyed with fd: -1
2024-11-29 06:15:37 INFO  [tcp_connection.h:132] Connection closed, fd: 7
2024-11-29 06:48:06 INFO  [epoll_reactor.cc:24] EpollReactor initialized with epollFd: 4
2024-11-29 06:48:06 INFO  [epoll_reactor.cc:24] EpollReactor initialized with epollFd: 5
2024-11-29 06:48:06 INFO  [tcp_server.h:38] Server listening on 0.0.0.0:8080
2024-11-29 06:48:06 INFO  [epoll_reactor.cc:53] Adding/updating event for fd: 6 (epollFd: 4, op: ADD
2024-11-29 06:48:06 INFO  [epoll_reactor.cc:73] Successfully added/updated event for fd: 6 (epollFd: 4
2024-11-29 06:48:06 INFO  [server.cc:55] Server started, press Ctrl+C to stop
2024-11-29 06:48:12 INFO  [tcp_server.h:69] New connection from 127.0.0.1:34066 with fd: 7
2024-11-29 06:48:12 INFO  [tcp_connection.h:26] TcpConnection created with fd: 7
2024-11-29 06:48:12 INFO  [tcp_connection.h:61] Starting connection for fd: 7
2024-11-29 06:48:12 INFO  [epoll_reactor.cc:53] Adding/updating event for fd: 7 (epollFd: 5, op: ADD
2024-11-29 06:48:12 INFO  [epoll_reactor.cc:73] Successfully added/updated event for fd: 7 (epollFd: 5
2024-11-29 06:48:12 INFO  [tcp_connection.h:189] Received message: type=1, length=14
2024-11-29 06:48:12 INFO  [server.cc:34] Received message from fd 7: type=1, content=Test message 1
2024-11-29 06:48:12 INFO  [epoll_reactor.cc:53] Adding/updating event for fd: 7 (epollFd: 5, op: MOD
2024-11-29 06:48:12 INFO  [epoll_reactor.cc:73] Successfully added/updated event for fd: 7 (epollFd: 5
2024-11-29 06:48:12 INFO  [tcp_connection.h:189] Received message: type=1, length=14
2024-11-29 06:48:12 INFO  [server.cc:34] Received message from fd 7: type=1, content=Test message 2
2024-11-29 06:48:12 INFO  [epoll_reactor.cc:53] Adding/updating event for fd: 7 (epollFd: 5, op: MOD
2024-11-29 06:48:12 INFO  [epoll_reactor.cc:73] Successfully added/updated event for fd: 7 (epollFd: 5
2024-11-29 06:48:13 INFO  [tcp_connection.h:189] Received message: type=1, length=14
2024-11-29 06:48:13 INFO  [server.cc:34] Received message from fd 7: type=1, content=Test message 3
2024-11-29 06:48:13 INFO  [epoll_reactor.cc:53] Adding/updating event for fd: 7 (epollFd: 5, op: MOD
2024-11-29 06:48:13 INFO  [epoll_reactor.cc:73] Successfully added/updated event for fd: 7 (epollFd: 5
2024-11-29 06:48:13 INFO  [tcp_connection.h:189] Received message: type=1, length=14
2024-11-29 06:48:13 INFO  [server.cc:34] Received message from fd 7: type=1, content=Test message 4
2024-11-29 06:48:13 INFO  [epoll_reactor.cc:53] Adding/updating event for fd: 7 (epollFd: 5, op: MOD
2024-11-29 06:48:13 INFO  [epoll_reactor.cc:73] Successfully added/updated event for fd: 7 (epollFd: 5
2024-11-29 06:48:14 INFO  [tcp_connection.h:189] Received message: type=1, length=14
2024-11-29 06:48:14 INFO  [server.cc:34] Received message from fd 7: type=1, content=Test message 5
2024-11-29 06:48:14 INFO  [epoll_reactor.cc:53] Adding/updating event for fd: 7 (epollFd: 5, op: MOD
2024-11-29 06:48:14 INFO  [epoll_reactor.cc:73] Successfully added/updated event for fd: 7 (epollFd: 5
2024-11-29 06:48:15 INFO  [tcp_connection.h:89] Connection closed by peer, fd: 7
2024-11-29 06:48:15 INFO  [tcp_connection.h:138] Closing connection for fd: 7
2024-11-29 06:48:15 INFO  [tcp_server.h:91] Connection closed, removing fd: 7
2024-11-29 06:48:15 INFO  [server.cc:42] Connection closed: fd=-1
2024-11-29 06:48:15 INFO  [tcp_connection.h:30] TcpConnection destroyed with fd: -1
2024-11-29 06:48:15 INFO  [tcp_connection.h:153] Connection closed, fd: 7
2024-11-29 06:48:34 INFO  [tcp_server.h:69] New connection from 127.0.0.1:56194 with fd: 7
2024-11-29 06:48:34 INFO  [tcp_connection.h:26] TcpConnection created with fd: 7
2024-11-29 06:48:34 INFO  [tcp_connection.h:61] Starting connection for fd: 7
2024-11-29 06:48:34 INFO  [epoll_reactor.cc:53] Adding/updating event for fd: 7 (epollFd: 5, op: MOD
2024-11-29 06:48:34 INFO  [epoll_reactor.cc:73] Successfully added/updated event for fd: 7 (epollFd: 5
2024-11-29 06:48:34 INFO  [tcp_connection.h:189] Received message: type=1, length=14
2024-11-29 06:48:34 INFO  [server.cc:34] Received message from fd 7: type=1, content=Test message 1
2024-11-29 06:48:34 INFO  [epoll_reactor.cc:53] Adding/updating event for fd: 7 (epollFd: 5, op: MOD
2024-11-29 06:48:34 INFO  [epoll_reactor.cc:73] Successfully added/updated event for fd: 7 (epollFd: 5
2024-11-29 06:48:35 INFO  [tcp_connection.h:189] Received message: type=1, length=14
2024-11-29 06:48:35 INFO  [server.cc:34] Received message from fd 7: type=1, content=Test message 2
2024-11-29 06:48:35 INFO  [epoll_reactor.cc:53] Adding/updating event for fd: 7 (epollFd: 5, op: MOD
2024-11-29 06:48:35 INFO  [epoll_reactor.cc:73] Successfully added/updated event for fd: 7 (epollFd: 5
2024-11-29 06:48:35 INFO  [tcp_connection.h:189] Received message: type=1, length=14
2024-11-29 06:48:35 INFO  [server.cc:34] Received message from fd 7: type=1, content=Test message 3
2024-11-29 06:48:35 INFO  [epoll_reactor.cc:53] Adding/updating event for fd: 7 (epollFd: 5, op: MOD
2024-11-29 06:48:35 INFO  [epoll_reactor.cc:73] Successfully added/updated event for fd: 7 (epollFd: 5
2024-11-29 06:48:36 INFO  [tcp_connection.h:189] Received message: type=1, length=14
2024-11-29 06:48:36 INFO  [server.cc:34] Received message from fd 7: type=1, content=Test message 4
2024-11-29 06:48:36 INFO  [epoll_reactor.cc:53] Adding/updating event for fd: 7 (epollFd: 5, op: MOD
2024-11-29 06:48:36 INFO  [epoll_reactor.cc:73] Successfully added/updated event for fd: 7 (epollFd: 5
2024-11-29 06:48:36 INFO  [tcp_connection.h:189] Received message: type=1, length=14
2024-11-29 06:48:36 INFO  [server.cc:34] Received message from fd 7: type=1, content=Test message 5
2024-11-29 06:48:36 INFO  [epoll_reactor.cc:53] Adding/updating event for fd: 7 (epollFd: 5, op: MOD
2024-11-29 06:48:36 INFO  [epoll_reactor.cc:73] Successfully added/updated event for fd: 7 (epollFd: 5
2024-11-29 06:48:37 INFO  [tcp_connection.h:89] Connection closed by peer, fd: 7
2024-11-29 06:48:37 INFO  [tcp_connection.h:138] Closing connection for fd: 7
2024-11-29 06:48:37 INFO  [tcp_server.h:91] Connection closed, removing fd: 7
2024-11-29 06:48:37 INFO  [server.cc:42] Connection closed: fd=-1
2024-11-29 06:48:37 INFO  [tcp_connection.h:30] TcpConnection destroyed with fd: -1
2024-11-29 06:48:37 INFO  [tcp_connection.h:153] Connection closed, fd: 7
2024-11-29 06:49:20 INFO  [tcp_server.h:69] New connection from 127.0.0.1:58984 with fd: 7
2024-11-29 06:49:20 INFO  [tcp_connection.h:26] TcpConnection created with fd: 7
2024-11-29 06:49:20 INFO  [tcp_connection.h:61] Starting connection for fd: 7
2024-11-29 06:49:20 INFO  [epoll_reactor.cc:53] Adding/updating event for fd: 7 (epollFd: 5, op: MOD
2024-11-29 06:49:20 INFO  [epoll_reactor.cc:73] Successfully added/updated event for fd: 7 (epollFd: 5
2024-11-29 06:49:20 INFO  [tcp_connection.h:189] Received message: type=1, length=14
2024-11-29 06:49:20 INFO  [server.cc:34] Received message from fd 7: type=1, content=Test message 1
2024-11-29 06:49:20 INFO  [epoll_reactor.cc:53] Adding/updating event for fd: 7 (epollFd: 5, op: MOD
2024-11-29 06:49:20 INFO  [epoll_reactor.cc:73] Successfully added/updated event for fd: 7 (epollFd: 5
2024-11-29 06:49:20 INFO  [tcp_connection.h:189] Received message: type=1, length=14
2024-11-29 06:49:20 INFO  [server.cc:34] Received message from fd 7: type=1, content=Test message 2
2024-11-29 06:49:20 INFO  [epoll_reactor.cc:53] Adding/updating event for fd: 7 (epollFd: 5, op: MOD
2024-11-29 06:49:20 INFO  [epoll_reactor.cc:73] Successfully added/updated event for fd: 7 (epollFd: 5
2024-11-29 06:49:21 INFO  [tcp_connection.h:189] Received message: type=1, length=14
2024-11-29 06:49:21 INFO  [server.cc:34] Received message from fd 7: type=1, content=Test message 3
2024-11-29 06:49:21 INFO  [epoll_reactor.cc:53] Adding/updating event for fd: 7 (epollFd: 5, op: MOD
2024-11-29 06:49:21 INFO  [epoll_reactor.cc:73] Successfully added/updated event for fd: 7 (epollFd: 5
2024-11-29 06:49:21 INFO  [tcp_connection.h:189] Received message: type=1, length=14
2024-11-29 06:49:21 INFO  [server.cc:34] Received message from fd 7: type=1, content=Test message 4
2024-11-29 06:49:21 INFO  [epoll_reactor.cc:53] Adding/updating event for fd: 7 (epollFd: 5, op: MOD
2024-11-29 06:49:21 INFO  [epoll_reactor.cc:73] Successfully added/updated event for fd: 7 (epollFd: 5
2024-11-29 06:49:22 INFO  [tcp_connection.h:189] Received message: type=1, length=14
2024-11-29 06:49:22 INFO  [server.cc:34] Received message from fd 7: type=1, content=Test message 5
2024-11-29 06:49:22 INFO  [epoll_reactor.cc:53] Adding/updating event for fd: 7 (epollFd: 5, op: MOD
2024-11-29 06:49:22 INFO  [epoll_reactor.cc:73] Successfully added/updated event for fd: 7 (epollFd: 5
2024-11-29 06:49:22 INFO  [tcp_connection.h:189] Received message: type=1, length=14
2024-11-29 06:49:22 INFO  [server.cc:34] Received message from fd 7: type=1, content=Test message 6
2024-11-29 06:49:22 INFO  [epoll_reactor.cc:53] Adding/updating event for fd: 7 (epollFd: 5, op: MOD
2024-11-29 06:49:22 INFO  [epoll_reactor.cc:73] Successfully added/updated event for fd: 7 (epollFd: 5
2024-11-29 06:49:23 INFO  [tcp_connection.h:189] Received message: type=1, length=14
2024-11-29 06:49:23 INFO  [server.cc:34] Received message from fd 7: type=1, content=Test message 7
2024-11-29 06:49:23 INFO  [epoll_reactor.cc:53] Adding/updating event for fd: 7 (epollFd: 5, op: MOD
2024-11-29 06:49:23 INFO  [epoll_reactor.cc:73] Successfully added/updated event for fd: 7 (epollFd: 5
2024-11-29 06:49:23 INFO  [tcp_connection.h:189] Received message: type=1, length=14
2024-11-29 06:49:23 INFO  [server.cc:34] Received message from fd 7: type=1, content=Test message 8
2024-11-29 06:49:23 INFO  [epoll_reactor.cc:53] Adding/updating event for fd: 7 (epollFd: 5, op: MOD
2024-11-29 06:49:23 INFO  [epoll_reactor.cc:73] Successfully added/updated event for fd: 7 (epollFd: 5
2024-11-29 06:49:24 INFO  [tcp_connection.h:189] Received message: type=1, length=14
2024-11-29 06:49:24 INFO  [server.cc:34] Received message from fd 7: type=1, content=Test message 9
2024-11-29 06:49:24 INFO  [epoll_reactor.cc:53] Adding/updating event for fd: 7 (epollFd: 5, op: MOD
2024-11-29 06:49:24 INFO  [epoll_reactor.cc:73] Successfully added/updated event for fd: 7 (epollFd: 5
2024-11-29 06:49:24 INFO  [tcp_connection.h:189] Received message: type=1, length=15
2024-11-29 06:49:24 INFO  [server.cc:34] Received message from fd 7: type=1, content=Test message 10
2024-11-29 06:49:24 INFO  [epoll_reactor.cc:53] Adding/updating event for fd: 7 (epollFd: 5, op: MOD
2024-11-29 06:49:24 INFO  [epoll_reactor.cc:73] Successfully added/updated event for fd: 7 (epollFd: 5
2024-11-29 06:49:25 INFO  [tcp_connection.h:89] Connection closed by peer, fd: 7
2024-11-29 06:49:25 INFO  [tcp_connection.h:138] Closing connection for fd: 7
2024-11-29 06:49:25 INFO  [tcp_server.h:91] Connection closed, removing fd: 7
2024-11-29 06:49:25 INFO  [server.cc:42] Connection closed: fd=-1
2024-11-29 06:49:25 INFO  [tcp_connection.h:30] TcpConnection destroyed with fd: -1
2024-11-29 06:49:25 INFO  [tcp_connection.h:153] Connection closed, fd: 7
